c:\users\crash\desktop\oop\classes\training\debug\vc142.pdb
c:\users\crash\desktop\oop\classes\training\debug\vc142.idb
c:\users\crash\desktop\oop\classes\training\debug\training.obj
c:\users\crash\desktop\oop\classes\training\debug\training.pdb
c:\users\crash\desktop\oop\classes\training\debug\training.tlog\cl.command.1.tlog
c:\users\crash\desktop\oop\classes\training\debug\training.tlog\cl.read.1.tlog
c:\users\crash\desktop\oop\classes\training\debug\training.tlog\cl.write.1.tlog
c:\users\crash\desktop\oop\classes\training\debug\training.tlog\link-cvtres.read.1.tlog
c:\users\crash\desktop\oop\classes\training\debug\training.tlog\link-cvtres.write.1.tlog
c:\users\crash\desktop\oop\classes\training\debug\training.tlog\link-rc.read.1.tlog
c:\users\crash\desktop\oop\classes\training\debug\training.tlog\link-rc.write.1.tlog
c:\users\crash\desktop\oop\classes\training\debug\training.tlog\link.7404-cvtres.read.1.tlog
c:\users\crash\desktop\oop\classes\training\debug\training.tlog\link.7404-cvtres.write.1.tlog
c:\users\crash\desktop\oop\classes\training\debug\training.tlog\link.7404-rc.read.1.tlog
c:\users\crash\desktop\oop\classes\training\debug\training.tlog\link.7404-rc.write.1.tlog
c:\users\crash\desktop\oop\classes\training\debug\training.tlog\link.7404.read.1.tlog
c:\users\crash\desktop\oop\classes\training\debug\training.tlog\link.7404.write.1.tlog
c:\users\crash\desktop\oop\classes\training\debug\training.tlog\link.command.1.tlog
c:\users\crash\desktop\oop\classes\training\debug\training.tlog\link.read.1.tlog
c:\users\crash\desktop\oop\classes\training\debug\training.tlog\link.write.1.tlog
